{"C:\\Users\\sweta.das\\Documents\\GitHub\\AssDay2\\-candidate-sweta-ccm-loan-grid\\loan-management-grid\\src\\App.vue": {"path":"C:\\Users\\sweta.das\\Documents\\GitHub\\AssDay2\\-candidate-sweta-ccm-loan-grid\\loan-management-grid\\src\\App.vue","all":false,"statementMap":{"1":{"start":{"line":2,"column":0},"end":{"line":2,"column":51}},"6":{"start":{"line":7,"column":0},"end":{"line":7,"column":13}}},"s":{"1":1,"6":1},"branchMap":{},"b":{},"fnMap":{},"f":{}}
,"C:\\Users\\sweta.das\\Documents\\GitHub\\AssDay2\\-candidate-sweta-ccm-loan-grid\\loan-management-grid\\src\\vite-env.d.ts": {"path":"C:\\Users\\sweta.das\\Documents\\GitHub\\AssDay2\\-candidate-sweta-ccm-loan-grid\\loan-management-grid\\src\\vite-env.d.ts","all":true,"statementMap":{},"s":{},"branchMap":{"0":{"type":"branch","line":1,"loc":{"start":{"line":1,"column":37},"end":{"line":1,"column":37}},"locations":[{"start":{"line":1,"column":37},"end":{"line":1,"column":37}}]}},"b":{"0":[1]},"fnMap":{"0":{"name":"(empty-report)","decl":{"start":{"line":1,"column":37},"end":{"line":1,"column":37}},"loc":{"start":{"line":1,"column":37},"end":{"line":1,"column":37}},"line":1}},"f":{"0":1}}
,"C:\\Users\\sweta.das\\Documents\\GitHub\\AssDay2\\-candidate-sweta-ccm-loan-grid\\loan-management-grid\\src\\components\\FilterPanel.vue": {"path":"C:\\Users\\sweta.das\\Documents\\GitHub\\AssDay2\\-candidate-sweta-ccm-loan-grid\\loan-management-grid\\src\\components\\FilterPanel.vue","all":false,"statementMap":{"1":{"start":{"line":2,"column":0},"end":{"line":2,"column":51}},"2":{"start":{"line":3,"column":0},"end":{"line":3,"column":33}},"5":{"start":{"line":6,"column":0},"end":{"line":6,"column":28}},"6":{"start":{"line":7,"column":0},"end":{"line":7,"column":28}},"7":{"start":{"line":8,"column":0},"end":{"line":8,"column":32}},"8":{"start":{"line":9,"column":0},"end":{"line":9,"column":53}},"9":{"start":{"line":10,"column":0},"end":{"line":10,"column":60}},"10":{"start":{"line":11,"column":0},"end":{"line":11,"column":41}},"11":{"start":{"line":12,"column":0},"end":{"line":12,"column":41}},"12":{"start":{"line":13,"column":0},"end":{"line":13,"column":43}},"13":{"start":{"line":14,"column":0},"end":{"line":14,"column":17}},"14":{"start":{"line":15,"column":0},"end":{"line":15,"column":12}},"16":{"start":{"line":17,"column":0},"end":{"line":17,"column":32}},"17":{"start":{"line":18,"column":0},"end":{"line":18,"column":57}},"18":{"start":{"line":19,"column":0},"end":{"line":19,"column":63}},"19":{"start":{"line":20,"column":0},"end":{"line":20,"column":42}},"20":{"start":{"line":21,"column":0},"end":{"line":21,"column":50}},"21":{"start":{"line":22,"column":0},"end":{"line":22,"column":52}},"22":{"start":{"line":23,"column":0},"end":{"line":23,"column":52}},"23":{"start":{"line":24,"column":0},"end":{"line":24,"column":17}},"24":{"start":{"line":25,"column":0},"end":{"line":25,"column":12}},"25":{"start":{"line":26,"column":0},"end":{"line":26,"column":10}},"27":{"start":{"line":28,"column":0},"end":{"line":28,"column":28}},"28":{"start":{"line":29,"column":0},"end":{"line":29,"column":32}},"29":{"start":{"line":30,"column":0},"end":{"line":30,"column":34}},"30":{"start":{"line":31,"column":0},"end":{"line":31,"column":14}},"31":{"start":{"line":32,"column":0},"end":{"line":32,"column":23}},"32":{"start":{"line":33,"column":0},"end":{"line":33,"column":46}},"33":{"start":{"line":34,"column":0},"end":{"line":34,"column":33}},"34":{"start":{"line":35,"column":0},"end":{"line":35,"column":10}},"35":{"start":{"line":36,"column":0},"end":{"line":36,"column":12}},"37":{"start":{"line":38,"column":0},"end":{"line":38,"column":32}},"38":{"start":{"line":39,"column":0},"end":{"line":39,"column":34}},"39":{"start":{"line":40,"column":0},"end":{"line":40,"column":14}},"40":{"start":{"line":41,"column":0},"end":{"line":41,"column":23}},"41":{"start":{"line":42,"column":0},"end":{"line":42,"column":46}},"42":{"start":{"line":43,"column":0},"end":{"line":43,"column":33}},"43":{"start":{"line":44,"column":0},"end":{"line":44,"column":10}},"44":{"start":{"line":45,"column":0},"end":{"line":45,"column":12}},"45":{"start":{"line":46,"column":0},"end":{"line":46,"column":10}},"47":{"start":{"line":48,"column":0},"end":{"line":48,"column":28}},"48":{"start":{"line":49,"column":0},"end":{"line":49,"column":32}},"49":{"start":{"line":50,"column":0},"end":{"line":50,"column":39}},"50":{"start":{"line":51,"column":0},"end":{"line":51,"column":59}},"51":{"start":{"line":52,"column":0},"end":{"line":52,"column":12}},"53":{"start":{"line":54,"column":0},"end":{"line":54,"column":32}},"54":{"start":{"line":55,"column":0},"end":{"line":55,"column":26}},"55":{"start":{"line":56,"column":0},"end":{"line":56,"column":57}},"56":{"start":{"line":57,"column":0},"end":{"line":57,"column":12}},"57":{"start":{"line":58,"column":0},"end":{"line":58,"column":10}},"59":{"start":{"line":60,"column":0},"end":{"line":60,"column":32}},"60":{"start":{"line":61,"column":0},"end":{"line":61,"column":70}},"62":{"start":{"line":63,"column":0},"end":{"line":63,"column":15}},"63":{"start":{"line":64,"column":0},"end":{"line":64,"column":72}},"65":{"start":{"line":66,"column":0},"end":{"line":66,"column":15}},"66":{"start":{"line":67,"column":0},"end":{"line":67,"column":10}},"67":{"start":{"line":68,"column":0},"end":{"line":68,"column":8}}},"s":{"1":1,"2":1,"5":1,"6":1,"7":1,"8":1,"9":1,"10":1,"11":1,"12":1,"13":1,"14":1,"16":1,"17":1,"18":1,"19":1,"20":1,"21":1,"22":1,"23":1,"24":1,"25":1,"27":1,"28":1,"29":1,"30":1,"31":1,"32":1,"33":1,"34":1,"35":1,"37":1,"38":1,"39":1,"40":1,"41":1,"42":1,"43":1,"44":1,"45":1,"47":1,"48":1,"49":1,"50":1,"51":1,"53":1,"54":1,"55":1,"56":1,"57":1,"59":1,"60":1,"62":1,"63":1,"65":1,"66":1,"67":1},"branchMap":{},"b":{},"fnMap":{},"f":{}}
,"C:\\Users\\sweta.das\\Documents\\GitHub\\AssDay2\\-candidate-sweta-ccm-loan-grid\\loan-management-grid\\src\\components\\LoanTable.vue": {"path":"C:\\Users\\sweta.das\\Documents\\GitHub\\AssDay2\\-candidate-sweta-ccm-loan-grid\\loan-management-grid\\src\\components\\LoanTable.vue","all":false,"statementMap":{"1":{"start":{"line":2,"column":0},"end":{"line":2,"column":54}},"2":{"start":{"line":3,"column":0},"end":{"line":3,"column":51}},"3":{"start":{"line":4,"column":0},"end":{"line":4,"column":54}},"4":{"start":{"line":5,"column":0},"end":{"line":5,"column":44}},"5":{"start":{"line":6,"column":0},"end":{"line":6,"column":44}},"7":{"start":{"line":8,"column":0},"end":{"line":8,"column":33}},"8":{"start":{"line":9,"column":0},"end":{"line":9,"column":27}},"9":{"start":{"line":10,"column":0},"end":{"line":10,"column":29}},"11":{"start":{"line":12,"column":0},"end":{"line":12,"column":17}},"12":{"start":{"line":13,"column":0},"end":{"line":13,"column":36}},"13":{"start":{"line":14,"column":0},"end":{"line":14,"column":25}},"14":{"start":{"line":15,"column":0},"end":{"line":15,"column":5}},"15":{"start":{"line":16,"column":0},"end":{"line":16,"column":3}},"17":{"start":{"line":18,"column":0},"end":{"line":18,"column":37}},"18":{"start":{"line":19,"column":0},"end":{"line":19,"column":78}},"19":{"start":{"line":20,"column":0},"end":{"line":20,"column":3}},"21":{"start":{"line":22,"column":0},"end":{"line":22,"column":34}},"22":{"start":{"line":23,"column":0},"end":{"line":23,"column":61}},"23":{"start":{"line":24,"column":0},"end":{"line":24,"column":25}},"25":{"start":{"line":26,"column":0},"end":{"line":26,"column":46}},"26":{"start":{"line":27,"column":0},"end":{"line":27,"column":32}},"28":{"start":{"line":29,"column":0},"end":{"line":29,"column":70}},"29":{"start":{"line":30,"column":0},"end":{"line":30,"column":50}},"31":{"start":{"line":32,"column":0},"end":{"line":32,"column":36}},"32":{"start":{"line":33,"column":0},"end":{"line":33,"column":21}},"33":{"start":{"line":34,"column":0},"end":{"line":34,"column":5}},"34":{"start":{"line":35,"column":0},"end":{"line":35,"column":5}},"35":{"start":{"line":36,"column":0},"end":{"line":36,"column":2}},"37":{"start":{"line":38,"column":0},"end":{"line":38,"column":28}},"38":{"start":{"line":39,"column":0},"end":{"line":39,"column":80}},"39":{"start":{"line":40,"column":0},"end":{"line":40,"column":39}},"40":{"start":{"line":41,"column":0},"end":{"line":41,"column":27}},"41":{"start":{"line":42,"column":0},"end":{"line":42,"column":22}},"42":{"start":{"line":43,"column":0},"end":{"line":43,"column":26}},"43":{"start":{"line":44,"column":0},"end":{"line":44,"column":30}},"44":{"start":{"line":45,"column":0},"end":{"line":45,"column":13}},"45":{"start":{"line":46,"column":0},"end":{"line":46,"column":3}},"46":{"start":{"line":47,"column":0},"end":{"line":47,"column":2}},"48":{"start":{"line":49,"column":0},"end":{"line":49,"column":60}},"49":{"start":{"line":50,"column":0},"end":{"line":50,"column":60}},"50":{"start":{"line":51,"column":0},"end":{"line":51,"column":60}},"51":{"start":{"line":52,"column":0},"end":{"line":52,"column":9}},"52":{"start":{"line":53,"column":0},"end":{"line":53,"column":26}},"53":{"start":{"line":54,"column":0},"end":{"line":54,"column":3}},"55":{"start":{"line":56,"column":0},"end":{"line":56,"column":42}},"56":{"start":{"line":57,"column":0},"end":{"line":57,"column":56}},"57":{"start":{"line":58,"column":0},"end":{"line":58,"column":3}},"58":{"start":{"line":59,"column":0},"end":{"line":59,"column":38}},"59":{"start":{"line":60,"column":0},"end":{"line":60,"column":50}},"60":{"start":{"line":61,"column":0},"end":{"line":61,"column":42}},"62":{"start":{"line":63,"column":0},"end":{"line":63,"column":49}},"63":{"start":{"line":64,"column":0},"end":{"line":64,"column":12}},"64":{"start":{"line":65,"column":0},"end":{"line":65,"column":56}},"65":{"start":{"line":66,"column":0},"end":{"line":66,"column":55}},"66":{"start":{"line":67,"column":0},"end":{"line":67,"column":60}},"67":{"start":{"line":68,"column":0},"end":{"line":68,"column":49}},"68":{"start":{"line":69,"column":0},"end":{"line":69,"column":49}},"70":{"start":{"line":71,"column":0},"end":{"line":71,"column":5}},"71":{"start":{"line":72,"column":0},"end":{"line":72,"column":3}},"75":{"start":{"line":76,"column":0},"end":{"line":76,"column":36}},"76":{"start":{"line":77,"column":0},"end":{"line":77,"column":33}},"78":{"start":{"line":79,"column":0},"end":{"line":79,"column":34}},"79":{"start":{"line":80,"column":0},"end":{"line":80,"column":12}},"80":{"start":{"line":81,"column":0},"end":{"line":81,"column":38}},"81":{"start":{"line":82,"column":0},"end":{"line":82,"column":19}},"82":{"start":{"line":83,"column":0},"end":{"line":83,"column":37}},"83":{"start":{"line":84,"column":0},"end":{"line":84,"column":28}},"84":{"start":{"line":85,"column":0},"end":{"line":85,"column":8}},"85":{"start":{"line":86,"column":0},"end":{"line":86,"column":10}},"87":{"start":{"line":88,"column":0},"end":{"line":88,"column":18}},"89":{"start":{"line":90,"column":0},"end":{"line":90,"column":31}},"90":{"start":{"line":91,"column":0},"end":{"line":91,"column":32}},"91":{"start":{"line":92,"column":0},"end":{"line":92,"column":15}},"92":{"start":{"line":93,"column":0},"end":{"line":93,"column":22}},"93":{"start":{"line":94,"column":0},"end":{"line":94,"column":22}},"99":{"start":{"line":100,"column":0},"end":{"line":100,"column":14}},"100":{"start":{"line":101,"column":0},"end":{"line":101,"column":12}},"101":{"start":{"line":102,"column":0},"end":{"line":102,"column":16}},"102":{"start":{"line":103,"column":0},"end":{"line":103,"column":15}},"103":{"start":{"line":104,"column":0},"end":{"line":104,"column":58}},"104":{"start":{"line":105,"column":0},"end":{"line":105,"column":34}},"105":{"start":{"line":106,"column":0},"end":{"line":106,"column":44}},"106":{"start":{"line":107,"column":0},"end":{"line":107,"column":56}},"107":{"start":{"line":108,"column":0},"end":{"line":108,"column":16}},"108":{"start":{"line":109,"column":0},"end":{"line":109,"column":70}},"109":{"start":{"line":110,"column":0},"end":{"line":110,"column":33}},"110":{"start":{"line":111,"column":0},"end":{"line":111,"column":21}},"111":{"start":{"line":112,"column":0},"end":{"line":112,"column":17}},"112":{"start":{"line":113,"column":0},"end":{"line":113,"column":41}},"113":{"start":{"line":114,"column":0},"end":{"line":114,"column":15}},"114":{"start":{"line":115,"column":0},"end":{"line":115,"column":16}},"115":{"start":{"line":116,"column":0},"end":{"line":116,"column":14}},"116":{"start":{"line":117,"column":0},"end":{"line":117,"column":64}},"117":{"start":{"line":118,"column":0},"end":{"line":118,"column":10}},"118":{"start":{"line":119,"column":0},"end":{"line":119,"column":8}}},"s":{"1":1,"2":1,"3":1,"4":1,"5":1,"7":1,"8":1,"9":1,"11":1,"12":7,"13":7,"14":7,"15":1,"17":1,"18":13,"19":1,"21":1,"22":7,"23":7,"25":0,"26":0,"28":0,"29":0,"31":0,"32":0,"33":0,"34":0,"35":7,"37":1,"38":2,"39":2,"40":1,"41":1,"42":1,"43":1,"44":1,"45":1,"46":2,"48":1,"49":1,"50":1,"51":1,"52":2,"53":1,"55":1,"56":3,"57":1,"58":1,"59":11,"60":11,"62":2,"63":6,"64":6,"65":6,"66":4,"67":4,"68":4,"70":2,"71":1,"75":1,"76":1,"78":1,"79":1,"80":1,"81":1,"82":1,"83":1,"84":1,"85":1,"87":1,"89":1,"90":1,"91":1,"92":1,"93":1,"99":1,"100":1,"101":1,"102":1,"103":1,"104":1,"105":1,"106":1,"107":1,"108":1,"109":1,"110":1,"111":1,"112":1,"113":1,"114":1,"115":1,"116":1,"117":1,"118":1},"branchMap":{"0":{"type":"branch","line":12,"loc":{"start":{"line":12,"column":10},"end":{"line":16,"column":1}},"locations":[{"start":{"line":12,"column":10},"end":{"line":16,"column":1}}]},"1":{"type":"branch","line":13,"loc":{"start":{"line":13,"column":29},"end":{"line":15,"column":3}},"locations":[{"start":{"line":13,"column":29},"end":{"line":15,"column":3}}]},"2":{"type":"branch","line":18,"loc":{"start":{"line":18,"column":30},"end":{"line":20,"column":1}},"locations":[{"start":{"line":18,"column":30},"end":{"line":20,"column":1}}]},"3":{"type":"branch","line":22,"loc":{"start":{"line":22,"column":27},"end":{"line":36,"column":2}},"locations":[{"start":{"line":22,"column":27},"end":{"line":36,"column":2}}]},"4":{"type":"branch","line":24,"loc":{"start":{"line":24,"column":18},"end":{"line":35,"column":5}},"locations":[{"start":{"line":24,"column":18},"end":{"line":35,"column":5}}]},"5":{"type":"branch","line":38,"loc":{"start":{"line":38,"column":21},"end":{"line":47,"column":2}},"locations":[{"start":{"line":38,"column":21},"end":{"line":47,"column":2}}]},"6":{"type":"branch","line":40,"loc":{"start":{"line":40,"column":38},"end":{"line":46,"column":3}},"locations":[{"start":{"line":40,"column":38},"end":{"line":46,"column":3}}]},"7":{"type":"branch","line":42,"loc":{"start":{"line":42,"column":15},"end":{"line":45,"column":7}},"locations":[{"start":{"line":42,"column":15},"end":{"line":45,"column":7}}]},"8":{"type":"branch","line":49,"loc":{"start":{"line":49,"column":7},"end":{"line":49,"column":35}},"locations":[{"start":{"line":49,"column":7},"end":{"line":49,"column":35}}]},"9":{"type":"branch","line":49,"loc":{"start":{"line":49,"column":35},"end":{"line":49,"column":60}},"locations":[{"start":{"line":49,"column":35},"end":{"line":49,"column":60}}]},"10":{"type":"branch","line":50,"loc":{"start":{"line":50,"column":7},"end":{"line":50,"column":34}},"locations":[{"start":{"line":50,"column":7},"end":{"line":50,"column":34}}]},"11":{"type":"branch","line":50,"loc":{"start":{"line":50,"column":34},"end":{"line":50,"column":60}},"locations":[{"start":{"line":50,"column":34},"end":{"line":50,"column":60}}]},"12":{"type":"branch","line":51,"loc":{"start":{"line":51,"column":7},"end":{"line":51,"column":34}},"locations":[{"start":{"line":51,"column":7},"end":{"line":51,"column":34}}]},"13":{"type":"branch","line":51,"loc":{"start":{"line":51,"column":34},"end":{"line":51,"column":57}},"locations":[{"start":{"line":51,"column":34},"end":{"line":51,"column":57}}]},"14":{"type":"branch","line":52,"loc":{"start":{"line":52,"column":2},"end":{"line":54,"column":1}},"locations":[{"start":{"line":52,"column":2},"end":{"line":54,"column":1}}]},"15":{"type":"branch","line":56,"loc":{"start":{"line":56,"column":35},"end":{"line":58,"column":1}},"locations":[{"start":{"line":56,"column":35},"end":{"line":58,"column":1}}]},"16":{"type":"branch","line":59,"loc":{"start":{"line":59,"column":31},"end":{"line":72,"column":1}},"locations":[{"start":{"line":59,"column":31},"end":{"line":72,"column":1}}]},"17":{"type":"branch","line":61,"loc":{"start":{"line":61,"column":13},"end":{"line":61,"column":42}},"locations":[{"start":{"line":61,"column":13},"end":{"line":61,"column":42}}]},"18":{"type":"branch","line":61,"loc":{"start":{"line":61,"column":30},"end":{"line":71,"column":5}},"locations":[{"start":{"line":61,"column":30},"end":{"line":71,"column":5}}]},"19":{"type":"branch","line":63,"loc":{"start":{"line":63,"column":38},"end":{"line":71,"column":3}},"locations":[{"start":{"line":63,"column":38},"end":{"line":71,"column":3}}]},"20":{"type":"branch","line":66,"loc":{"start":{"line":66,"column":51},"end":{"line":67,"column":60}},"locations":[{"start":{"line":66,"column":51},"end":{"line":67,"column":60}}]},"21":{"type":"branch","line":67,"loc":{"start":{"line":67,"column":56},"end":{"line":68,"column":49}},"locations":[{"start":{"line":67,"column":56},"end":{"line":68,"column":49}}]},"22":{"type":"branch","line":68,"loc":{"start":{"line":68,"column":45},"end":{"line":69,"column":49}},"locations":[{"start":{"line":68,"column":45},"end":{"line":69,"column":49}}]},"23":{"type":"branch","line":117,"loc":{"start":{"line":117,"column":17},"end":{"line":117,"column":64}},"locations":[{"start":{"line":117,"column":17},"end":{"line":117,"column":64}}]}},"b":{"0":[7],"1":[7],"2":[13],"3":[7],"4":[0],"5":[2],"6":[1],"7":[1],"8":[9],"9":[9],"10":[9],"11":[9],"12":[9],"13":[9],"14":[2],"15":[3],"16":[11],"17":[9],"18":[2],"19":[6],"20":[4],"21":[4],"22":[4],"23":[0]},"fnMap":{"0":{"name":"initScrollListener","decl":{"start":{"line":22,"column":27},"end":{"line":36,"column":2}},"loc":{"start":{"line":22,"column":27},"end":{"line":36,"column":2}},"line":22},"1":{"name":"loadNextPage","decl":{"start":{"line":38,"column":21},"end":{"line":47,"column":2}},"loc":{"start":{"line":38,"column":21},"end":{"line":47,"column":2}},"line":38},"2":{"name":"loadedPages.value","decl":{"start":{"line":49,"column":7},"end":{"line":49,"column":35}},"loc":{"start":{"line":49,"column":7},"end":{"line":49,"column":35}},"line":49},"3":{"name":"loadedPages.value","decl":{"start":{"line":49,"column":35},"end":{"line":49,"column":60}},"loc":{"start":{"line":49,"column":35},"end":{"line":49,"column":60}},"line":49},"4":{"name":"loadedPages.value","decl":{"start":{"line":50,"column":7},"end":{"line":50,"column":34}},"loc":{"start":{"line":50,"column":7},"end":{"line":50,"column":34}},"line":50},"5":{"name":"loadedPages.value","decl":{"start":{"line":50,"column":34},"end":{"line":50,"column":60}},"loc":{"start":{"line":50,"column":34},"end":{"line":50,"column":60}},"line":50},"6":{"name":"loadedPages.value","decl":{"start":{"line":51,"column":7},"end":{"line":51,"column":34}},"loc":{"start":{"line":51,"column":7},"end":{"line":51,"column":34}},"line":51},"7":{"name":"loadedPages.value","decl":{"start":{"line":51,"column":34},"end":{"line":51,"column":57}},"loc":{"start":{"line":51,"column":34},"end":{"line":51,"column":57}},"line":51}},"f":{"0":7,"1":2,"2":9,"3":9,"4":9,"5":9,"6":9,"7":9}}
,"C:\\Users\\sweta.das\\Documents\\GitHub\\AssDay2\\-candidate-sweta-ccm-loan-grid\\loan-management-grid\\src\\components\\TableHeader.vue": {"path":"C:\\Users\\sweta.das\\Documents\\GitHub\\AssDay2\\-candidate-sweta-ccm-loan-grid\\loan-management-grid\\src\\components\\TableHeader.vue","all":false,"statementMap":{"1":{"start":{"line":2,"column":0},"end":{"line":2,"column":76}},"8":{"start":{"line":9,"column":0},"end":{"line":9,"column":6}},"9":{"start":{"line":10,"column":0},"end":{"line":10,"column":7}},"10":{"start":{"line":11,"column":0},"end":{"line":11,"column":29}},"11":{"start":{"line":12,"column":0},"end":{"line":12,"column":21}},"12":{"start":{"line":13,"column":0},"end":{"line":13,"column":35}},"13":{"start":{"line":14,"column":0},"end":{"line":14,"column":37}},"14":{"start":{"line":15,"column":0},"end":{"line":15,"column":22}},"16":{"start":{"line":17,"column":0},"end":{"line":17,"column":23}},"17":{"start":{"line":18,"column":0},"end":{"line":18,"column":30}},"18":{"start":{"line":19,"column":0},"end":{"line":19,"column":80}},"19":{"start":{"line":20,"column":0},"end":{"line":20,"column":86}},"20":{"start":{"line":21,"column":0},"end":{"line":21,"column":29}},"21":{"start":{"line":22,"column":0},"end":{"line":22,"column":13}},"22":{"start":{"line":23,"column":0},"end":{"line":23,"column":9}},"23":{"start":{"line":24,"column":0},"end":{"line":24,"column":7}}},"s":{"1":1,"8":1,"9":1,"10":1,"11":1,"12":1,"13":1,"14":1,"16":1,"17":1,"18":1,"19":1,"20":1,"21":1,"22":1,"23":1},"branchMap":{},"b":{},"fnMap":{},"f":{}}
,"C:\\Users\\sweta.das\\Documents\\GitHub\\AssDay2\\-candidate-sweta-ccm-loan-grid\\loan-management-grid\\src\\types\\loan.ts": {"path":"C:\\Users\\sweta.das\\Documents\\GitHub\\AssDay2\\-candidate-sweta-ccm-loan-grid\\loan-management-grid\\src\\types\\loan.ts","all":true,"statementMap":{},"s":{},"branchMap":{"0":{"type":"branch","line":1,"loc":{"start":{"line":1,"column":188},"end":{"line":8,"column":61}},"locations":[{"start":{"line":1,"column":188},"end":{"line":8,"column":61}}]}},"b":{"0":[1]},"fnMap":{"0":{"name":"(empty-report)","decl":{"start":{"line":1,"column":188},"end":{"line":8,"column":61}},"loc":{"start":{"line":1,"column":188},"end":{"line":8,"column":61}},"line":1}},"f":{"0":1}}
}
